Unity Player [version: Unity 3.5.0f5_dae8896b94af]

YouDunnit.exe caused an Access Violation (0xc0000005)
  in module YouDunnit.exe at 0023:0044605f.

Error occurred at 2012-03-20_003818.
C:\Users\Tyler\Desktop\You Dunnit\2011capstone02\Builds\Standalone\0.04\YouDunnit.exe, run by Tyler.
61% memory in use.
0 MB physical memory [2343 MB free].
0 MB paging file [0 MB free].
0 MB user address space [3656 MB free].
Read from location 00000000 caused an access violation.

Context:
EDI:    0x09bcf7dc  ESI: 0x09bcf8c8  EAX:   0x00000000
EBX:    0x00000000  ECX: 0x04f896f8  EDX:   0x00000024
EIP:    0x0044605f  EBP: 0x0018f3f0  SegCs: 0x00000023
EFlags: 0x00010246  ESP: 0x0018f3a0  SegSs: 0x0000002b

Bytes at CS:EIP:
8b 10 8b c8 8b 42 58 ff d0 09 47 34 83 c6 08 3b 

Stack:
0x0018f3a0: 00001c11 09bcf7dc 00000000 00446eef .............nD.
0x0018f3b0: 04ccbf44 09bcf7dc 004477b9 04ccbf44 D........wD.D...
0x0018f3c0: 00000324 005c2ae7 00000003 00000008 $....*\.........
0x0018f3d0: 04ccbf44 00001c11 04c935b8 04d22df8 D........5...-..
0x0018f3e0: 04d3ca90 04c935b8 04d3ca90 04d3ca90 .....5..........
0x0018f3f0: 0018f44c 005c2f5e 04ccbf44 00002daa L...^/\.D....-..
0x0018f400: 00000003 00000000 04ccbf44 04cd9fcc ........D.......
0x0018f410: 00001c11 005c2430 04e4ab34 04c897d0 ....0$\.4.......
0x0018f420: 00000001 00000000 00000001 00001c11 ................
0x0018f430: 00000000 0000003c 04cbdcc0 04ce844c ....<.......L...
0x0018f440: 04ccbf44 04cda1c8 04cf66d0 0018f4b0 D........f......
0x0018f450: 005c7182 00000003 00000000 04eb8870 .q\.........p...
0x0018f460: 04e4ab34 04cbdcc0 04cbdcc0 04ccbf30 4...........0...
0x0018f470: 0018f4b0 04ccbf44 04cd9fcc 04cda1b4 ....D...........
0x0018f480: 04eb8870 04cda1c8 04cda1c8 04ce8438 p...........8...
0x0018f490: 00000000 04cf66d0 04cf68b0 04d04940 .....f...h..@I..
0x0018f4a0: 00000000 04ce844c 04ce8454 04cf66bc ....L...T....f..
0x0018f4b0: 0018f4d8 00586d59 04eb8870 00000000 ....YmX.p.......
0x0018f4c0: 00000070 ffffffff ffffffff 757b2c24 p...........$,{u
0x0018f4d0: 04e4ab34 04eb8870 0018f50c 0056f421 4...p.......!.V.
0x0018f4e0: 04eb8900 00c2ca44 00000000 04e4ab14 ....D...........
0x0018f4f0: a2cd80a8 fffffffe 04e4ab34 04e4ab14 ........4.......
0x0018f500: 00000001 0018f518 0018f518 0018f518 ................
0x0018f510: 00570366 04e4ab14 0018f588 00570429 f.W.........).W.
0x0018f520: 3b83126f 00000010 04eb8870 00000000 o..;....p.......
0x0018f530: 0056e476 75f8811b 75faed58 00000001 v.V....uX..u....
0x0018f540: 0000002b 04eb7b00 09b92f64 09b93174 +....{..d/..t1..
0x0018f550: 09b930c4 00000000 0000000f 0000002b .0..........+...
0x0018f560: 6e696100 61746144 00000000 3f000000 .ainData.......?
0x0018f570: 00000000 0000000f 440c4000 00000000 .........@.D....
0x0018f580: 00000000 00000000 0018f598 00613d53 ............S=a.
0x0018f590: 75f87d79 062d3948 0018f5cc 00614231 y}.uH9-.....1Ba.
0x0018f5a0: 00000010 00000000 00000000 0006137a ............z...
0x0018f5b0: 000000ff 00000000 0009106d 062d2932 ........m...2)-.
0x0018f5c0: 00000328 00000213 000005a4 0018fef8 (...............
0x0018f5d0: 00615282 fffffffe 00000000 00000001 .Ra.............
0x0018f5e0: 003a0043 0055005c 00650073 00730072 C.:.\.U.s.e.r.s.
0x0018f5f0: 0054005c 006c0079 00720065 0044005c \.T.y.l.e.r.\.D.
0x0018f600: 00730065 0074006b 0070006f 0059005c e.s.k.t.o.p.\.Y.
0x0018f610: 0075006f 00440020 006e0075 0069006e o.u. .D.u.n.n.i.
0x0018f620: 005c0074 00300032 00310031 00610063 t.\.2.0.1.1.c.a.
0x0018f630: 00730070 006f0074 0065006e 00320030 p.s.t.o.n.e.0.2.
0x0018f640: 0042005c 00690075 0064006c 005c0073 \.B.u.i.l.d.s.\.
0x0018f650: 00740053 006e0061 00610064 006f006c S.t.a.n.d.a.l.o.
0x0018f660: 0065006e 0030005c 0030002e 005c0034 n.e.\.0...0.4.\.
0x0018f670: 006f0059 00440075 006e0075 0069006e Y.o.u.D.u.n.n.i.
0x0018f680: 005f0074 00610044 00610074 006f005c t._.D.a.t.a.\.o.
0x0018f690: 00740075 00750070 005f0074 006f006c u.t.p.u.t._.l.o.
0x0018f6a0: 002e0067 00780074 00000074 00000000 g...t.x.t.......
0x0018f6b0: 070f0000 0712d5b0 0712d570 070f0150 ........p...P...
0x0018f6c0: 0700e9e0 070f0000 070f0150 00000000 ........P.......
0x0018f6d0: 0712d778 070f0150 08000008 070f0000 x...P...........
0x0018f6e0: 070f0150 00000005 0b00050e 070f0150 P...........P...
0x0018f6f0: 05000005 0712d778 0b00050e 00000032 ....x.......2...
0x0018f700: 0018f718 0b00050e 00000003 070f0c40 ............@...
0x0018f710: 00000080 0000048e 0712d608 00000000 ................
0x0018f720: 0018f864 0018f740 756fa53a 00000000 d...@...:.ou....
0x0018f730: 0018fa68 756fd0ef 0018f9bc 00000000 h.....ou........
0x0018f740: 0018f9d0 756fd0ba 00000000 0018fca8 ......ou........
0x0018f750: 0018fca8 756fcf18 012109d0 012109d0 ......ou..!...!.
0x0018f760: 00000007 75f87383 0018f994 00000000 .....s.u........
0x0018f770: 00000000 0018f9f4 00000007 00000000 ................
0x0018f780: 00000000 75792bd0 00f11900 00f107d0 .....+yu........
0x0018f790: 00000001 00000000 00000008 00000000 ................
0x0018f7a0: 75ce8558 0018f7fc 00000008 0018fa6c X..u........l...
0x0018f7b0: 00000008 0018f9bc fffffff8 001e20d7 ............. ..
0x0018f7c0: 00000008 0018f7fc ffffffff 00000016 ................
0x0018f7d0: 002b4970 00260000 002b4c38 002b48a8 pI+...&.8L+..H+.
0x0018f7e0: 00260000 002b4c38 00000000 00000043 ..&.8L+.....C...
0x0018f7f0: 0018f8dc 00000016 00260000 002b4970 ..........&.pI+.
0x0018f800: 0018f8dc 77983af4 77983b23 7190f868 .....:.w#;.wh..q
0x0018f810: 0018fa7c 00260234 00260000 00260150 |...4.&...&.P.&.
0x0018f820: 00260000 002b4970 00000000 43000043 ..&.pI+.....C..C
0x0018f830: 72220290 002b4a28 002b74b0 002600c4 .."r(J+..t+...&.
0x0018f840: 00000218 00260000 02000000 002b4970 ......&.....pI+.
0x0018f850: 0018f940 7798371e 00260138 779836fa @....7.w8.&..6.w
0x0018f860: 7190f9f4 00000000 00260000 00000007 ...q......&.....
0x0018f870: 002b48a8 00260000 002b4c38 002b48a8 .H+...&.8L+..H+.
0x0018f880: 00000000 00000000 00000000 0000006b ............k...
0x0018f890: 0018f97c 00000007 00260000 002b48a8 |.........&..H+.
0x0018f8a0: 0018f97c 77983af4 77983b23 7190f9c8 |....:.w#;.w...q
0x0018f8b0: 0018fa74 002601bc 00260000 00260150 t.....&...&.P.&.
0x0018f8c0: 002b48a8 00260000 00260150 0018fabc .H+...&.P.&.....
0x0018f8d0: 779c041d 66000167 0000006b 00000000 ...wg..fk.......
0x0018f8e0: 00260150 00000007 002b74b0 002b48a8 P.&......t+..H+.
0x0018f8f0: 00000072 00260000 002b48a8 00000000 r.....&..H+.....
0x0018f900: 7797e20c 7190f93c 0018fa70 002601ac ...w<..qp.....&.
0x0018f910: 00260000 00260000 00260000 00de0006 ..&...&...&.....
0x0018f920: 00000047 0018f9ac 7796fa48 0018fa78 G.......H..wx...
0x0018f930: 0018f964 7798609f 779860a4 7190f9d0 d....`.w.`.w...q
0x0018f940: 0018fa78 7796fa48 0018f9ac 0018f93c x...H..w....<...
0x0018f950: 7796fa5a 0018fab8 779c041d 061fcdec Z..w.......w....
0x0018f960: fffffffe 779860a4 766f216c 00000000 .....`.wl!ov....
0x0018f970: 7567eff5 00000100 002b74a8 00260000 ..gu.....t+...&.
0x0018f980: 002b7fe0 0018faa8 0000000c 0018faa4 ..+.............
0x0018f990: 00000000 00000067 0018fa84 00000100 ....g...........
0x0018f9a0: 00260000 002b74a8 0018fa84 77983af4 ..&..t+......:.w
0x0018f9b0: 77983b23 7190fa30 00078000 00000000 #;.w0..q........
0x0018f9c0: 00260000 00264fd0 006f006f 00250074 ..&..O&.o.o.t.%.
0x0018f9d0: 00264fd0 00730079 00265010 0033006d .O&.y.s..P&.m.3.
0x0018f9e0: 00000067 00000000 00264fd0 000000e7 g........O&.....
0x0018f9f0: 002b74b0 0064002e 00000167 002b48a8 .t+...d.g....H+.
0x0018fa00: 00000100 00000007 002b48a8 00260000 .........H+...&.
0x0018fa10: 002b4c38 00000000 40000040 002b4a40 8L+.....@..@@J+.
0x0018fa20: 00000000 0000006b 0018fb14 00000000 ....k...........
0x0018fa30: 000007ff 002b48a8 66000167 002600c4 .....H+.g..f..&.
0x0018fa40: 00000001 7190fba0 00800002 00000008 .......q........
0x0018fa50: 002b74b0 002b74b0 002b74ab 00000000 .t+..t+..t+.....
0x0018fa60: 00260150 00260000 096f4600 0018f9b4 P.&...&..Fo.....
0x0018fa70: 0000006b 0018fb44 779c041d 061fc7a4 k...D......w....
0x0018fa80: fffffffe 77983b23 77983b4e 000007f8 ....#;.wN;.w....
0x0018fa90: 00000800 002b74aa 002b74a8 00078000 .....t+..t+.....
0x0018faa0: 00268d80 0000000b 002601ac 00260000 ..&.......&...&.
0x0018fab0: 00260000 00040000 00de0006 00000048 ..&.........H...
0x0018fac0: 0018fb48 7796fa48 0018fc14 0018fb00 H...H..w........
0x0018fad0: 7798609f 779860a4 7190fbb4 0018fc14 .`.w.`.w...q....
0x0018fae0: 7796fa48 0018fb48 00000032 002b48a8 H..wH...2....H+.
0x0018faf0: 00260000 002b4c38 00000003 00000000 ..&.8L+.........
0x0018fb00: 00000002 002b74b0 002a0bb0 00268cf0 .....t+...*...&.
0x0018fb10: 00020032 00000001 0000012c 00000006 2.......,.......
0x0018fb20: 00000000 00000000 002a0bb8 000000fa ..........*.....
0x0018fb30: 00000005 002691b8 00000005 00000000 ......&.........
0x0018fb40: 00000032 002b7c90 0018fbe4 0000000d 2....|+.........
0x0018fb50: 02a45830 02a40000 02a45fe0 7797e20c 0X......._.....w
0x0018fb60: 7190fb50 002b4a1c 00000000 000000e9 P..q.J+.........
0x0018fb70: 0018fc5c 0000000d 02a40000 02a45830 \...........0X..
0x0018fb80: 0018fc5c 77983af4 77983b23 7190fce8 \....:.w#;.w...q
0x0018fb90: 0000277b 02a401ec 02a40000 02a40150 {'..........P...
0x0018fba0: 00269000 000007f8 02a40150 00070031 ..&.....P...1...
0x0018fbb0: 00000001 002a0bb0 000000e9 00268e00 ......*.......&.
0x0018fbc0: 02a40150 00269000 02a45838 00000020 P.....&.8X.. ...
0x0018fbd0: 0000007f 00000000 0000000d 00268cf0 ..............&.
0x0018fbe0: 00268e10 002b74f0 002691b8 00000000 ..&..t+...&.....
0x0018fbf0: f60000f6 02a400c4 0018fd00 779c041d ...............w
0x0018fc00: 061fd04c 00000000 0000007f 7797df72 L...........r..w
0x0018fc10: f60000f6 02a400c4 00000001 00000000 ................
0x0018fc20: 00000002 00000008 02a45838 02a45838 ........8X..8X..
0x0018fc30: 02a45833 00000000 003c0000 02a40000 3X........<.....
0x0018fc40: 0118fc78 0018fb8c 00000002 0018fd3c x...........<...
0x0018fc50: 779c041d 061fc7a4 fffffffe 77983b23 ...w........#;.w
0x0018fc60: 77983b4e 7796fdf6 757ab7e1 ffffffff N;.w...w..zu....
0x0018fc70: fffffffe ffffffff 02a45840 00000000 ........@X......
0x0018fc80: 00000000 00000002 0018fcac 766f17e2 ..............ov
0x0018fc90: ffffffff fffffffe ffffffff 02a45840 ............@X..
0x0018fca0: 00000000 00000000 00000002 0018fcd8 ................
0x0018fcb0: 75ce35ae ffffffff fffffffe ffffffff .5.u............
0x0018fcc0: 02a45840 00000000 00000000 00000002 @X..............
0x0018fcd0: 75ce35b9 02a45850 0018fcf4 75ce3558 .5.uPX......X5.u
0x0018fce0: 75d070ec 02a45838 75d070ec 00000001 .p.u8X...p.u....
0x0018fcf0: 02a45838 0018fd08 75ce3508 75d070ec 8X.......5.u.p.u
0x0018fd00: 00000001 00000001 02a407d0 0018fd4c ............L...
0x0018fd10: 75cec228 75cec230 d7afc2e2 fffffffe (..u0..u........
0x0018fd20: 00b1f060 00000001 00000001 00000001 `...............
0x0018fd30: 00000000 0018fd18 02b91a04 0018ff78 ............x...
0x0018fd40: 75d03562 a279fde6 fffffffe 75cec230 b5.u..y.....0..u
0x0018fd50: 008a563e 00000202 02a45838 02020202 >V......8X......
0x0018fd60: 536e6957 206b636f 00302e32 7797e20c WinSock 2.0....w
0x0018fd70: 7190fd40 00cd7798 002601ac 00260000 @..q.w....&...&.
0x0018fd80: 0011002f 00000001 00c5bd58 02b90000 /.......X.......
0x0018fd90: 00000002 0018fca8 000c0030 00000001 ........0.......
0x0018fda0: 779c041d 061fcca4 fffffffe 779924e8 ...w.........$.w
0x0018fdb0: 00269000 02b995f0 00000020 00000200 ..&..... .......
0x0018fdc0: 00000000 002a0bb0 00268cf0 00268e10 ......*...&...&.
0x0018fdd0: 002b7518 002691b8 00000000 0018fd70 .u+...&.....p...
0x0018fde0: 00ba3598 0018ff78 779c041d 061fd04c .5..x......wL...
0x0018fdf0: fffffffe 7797e20c 7797df72 00cd7798 .......wr..w.w..
0x0018fe00: 0000002b 04c87dac 02b91c80 0000000f +....}..........
0x0018fe10: 0018fe00 00000047 0000004f 02b92708 ....G...O....'..
0x0018fe20: 00ba3598 0000002b 6f6e6f4d 6e6f6d2f .5..+...Mono/mon
0x0018fe30: 6c642e6f 0000006c 0000000d 0000000f o.dll...........
0x0018fe40: 0018fe84 04c890a0 04c890d8 04c890d8 ................
0x0018fe50: 0000002b 04c88000 6c5f7475 742e676f +.......ut_log.t
0x0018fe60: 00007478 00000065 0000006f 0000002b xt..e...o...+...
0x0018fe70: 04c87e84 00989ef5 02b9988c 02b9988c .~..............
0x0018fe80: 00000056 0000005f 0000002b 6f6e6f00 V..._...+....ono
0x0018fe90: 6374652f 0018fe00 00989fb1 00000000 /etc............
0x0018fea0: 0000000f 0000002b 04c87f7c 00000000 ....+...|.......
0x0018feb0: 0018fed0 0098a198 00000065 0000006f ........e...o...
0x0018fec0: 0000002b 04c88b00 00646500 00000000 +........ed.....
0x0018fed0: 00c4d838 00000000 0000000f 0000002b 8...........+...
0x0018fee0: 04c89100 00656c69 00000000 00000022 ....ile....."...
0x0018fef0: 00000000 0000000f 0018ff88 0097feff ................
0x0018ff00: 00400000 00000000 002644b0 00000001 ..@......D&.....
0x0018ff10: d7ae140a 00000000 00000000 fffde000 ................
0x0018ff20: 00000044 002a4038 002a7928 002af600 D...8@*.(y*...*.
0x0018ff30: 00000000 00000000 00000000 00000000 ................
0x0018ff40: 00000000 00000000 00000000 00000401 ................
0x0018ff50: 00000001 00000000 00000000 00010001 ................
0x0018ff60: 00000000 c0000005 00000000 00000000 ................
0x0018ff70: 0018ff10 0018ef64 0018ffc4 00981810 ....d...........
0x0018ff80: d7749d8a 00000001 0018ff94 766f3677 ..t.........w6ov
0x0018ff90: fffde000 0018ffd4 77989d72 fffde000 ........r..w....
0x0018ffa0: 7190ff60 00000000 00000000 fffde000 `..q............
0x0018ffb0: c0000005 76719775 76719775 0018ffa0 ....u.qvu.qv....
0x0018ffc0: 0018ef68 ffffffff 779c041d 061fc364 h..........wd...
0x0018ffd0: 00000000 0018ffec 77989d45 0097ff6a ........E..wj...
0x0018ffe0: fffde000 00000000 00000000 00000000 ................
0x0018fff0: 00000000 0097ff6a fffde000 00000000 ....j...........

Module 1
C:\Users\Tyler\Desktop\You Dunnit\2011capstone02\Builds\Standalone\0.04\YouDunnit.exe
Image Base: 0x00400000  Image Size: 0x00954000
File Size:  9101312     File Time:  2012-02-13_181322
Version:
   Company:    
   Product:    
   FileDesc:   
   FileVer:    3.5.0.43509
   ProdVer:    3.5.0.43509

Module 2
C:\Users\Tyler\Desktop\You Dunnit\2011capstone02\Builds\Standalone\0.04\YouDunnit_Data\Mono\mono.dll
Image Base: 0x10000000  Image Size: 0x00216000
File Size:  2086400     File Time:  2012-02-13_181318
Version:
   Company:    
   Product:    
   FileDesc:   
   FileVer:    0.0.0.0
   ProdVer:    0.0.0.0

Module 3
C:\Program Files (x86)\Bonjour\mdnsNSP.dll
Image Base: 0x16080000  Image Size: 0x00025000
File Size:  147456      File Time:  2008-12-12_101144
Version:
   Company:    Apple Inc.
   Product:    Bonjour
   FileDesc:   Bonjour Namespace Provider
   FileVer:    1.0.6.2
   ProdVer:    1.0.6.2

Module 4
C:\Windows\system32\nvd3dum.dll
Image Base: 0x65b50000  Image Size: 0x00cac000
File Size:  13205312    File Time:  2011-10-15_045300
Version:
   Company:    NVIDIA Corporation
   Product:    NVIDIA Windows WDDM D3D driver
   FileDesc:   NVIDIA WDDM D3D Driver, Version 285.62 
   FileVer:    8.17.12.8562
   ProdVer:    8.17.12.8562

Module 5
C:\Program Files\UltraMon\RTSUltraMonHookX32.dll
Image Base: 0x6a870000  Image Size: 0x0003a000
File Size:  210432      File Time:  2010-12-20_181022
Version:
   Company:    Realtime Soft Ltd
   Product:    UltraMon
   FileDesc:   Hook DLL for Realtime Soft UltraMon
   FileVer:    3.1.0.0
   ProdVer:    3.1.0.0

Module 6
C:\Windows\system32\DDRAW.dll
Image Base: 0x6da00000  Image Size: 0x000e7000
File Size:  531968      File Time:  2009-07-13_211512
Version:
   Company:    Microsoft Corporation
   Product:    Microsoft® Windows® Operating System
   FileDesc:   Microsoft DirectDraw
   FileVer:    6.1.7600.16385
   ProdVer:    6.1.7600.16385

Module 7
C:\Windows\system32\OPENGL32.dll
Image Base: 0x6daf0000  Image Size: 0x000c8000
File Size:  791552      File Time:  2009-07-13_211614
Version:
   Company:    Microsoft Corporation
   Product:    Microsoft® Windows® Operating System
   FileDesc:   OpenGL Client DLL
   FileVer:    6.1.7600.16385
   ProdVer:    6.1.7600.16385

Module 8
C:\Windows\system32\d3d9.dll
Image Base: 0x6e3f0000  Image Size: 0x001c3000
File Size:  1826816     File Time:  2009-07-13_211510
Version:
   Company:    Microsoft Corporation
   Product:    Microsoft® Windows® Operating System
   FileDesc:   Direct3D 9 Runtime
   FileVer:    6.1.7600.16385
   ProdVer:    6.1.7600.16385

Module 9
C:\Windows\system32\MMDevAPI.DLL
Image Base: 0x6ea00000  Image Size: 0x00039000
File Size:  213504      File Time:  2009-07-13_211542
Version:
   Company:    Microsoft Corporation
   Product:    Microsoft® Windows® Operating System
   FileDesc:   MMDevice API
   FileVer:    6.1.7600.16385
   ProdVer:    6.1.7600.16385

Module 10
C:\Windows\WinSxS\x86_microsoft.windows.gdiplus_6595b64144ccf1df_1.1.7600.16385_none_72fc7cbf861225ca\gdiplus.dll
Image Base: 0x71110000  Image Size: 0x00190000
File Size:  1624576     File Time:  2009-07-13_210352
Version:
   Company:    Microsoft Corporation
   Product:    Microsoft® Windows® Operating System
   FileDesc:   Microsoft GDI+
   FileVer:    6.1.7600.16385
   ProdVer:    6.1.7600.16385

Module 11
C:\Windows\system32\dbghelp.dll
Image Base: 0x71330000  Image Size: 0x000eb000
File Size:  854528      File Time:  2009-07-13_211510
Version:
   Company:    Microsoft Corporation
   Product:    Microsoft® Windows® Operating System
   FileDesc:   Windows Image Helper
   FileVer:    6.1.7600.16385
   ProdVer:    6.1.7600.16385

Module 12
C:\Windows\system32\msi.dll
Image Base: 0x717c0000  Image Size: 0x00240000
File Size:  2340864     File Time:  2009-07-13_211546
Version:
   Company:    Microsoft Corporation
   Product:    Windows Installer - Unicode
   FileDesc:   Windows Installer
   FileVer:    5.0.7600.16385
   ProdVer:    5.0.7600.16385

Module 13
C:\Program Files (x86)\Common Files\Microsoft Shared\Windows Live\WLIDNSP.DLL
Image Base: 0x71f90000  Image Size: 0x00024000
File Size:  134528      File Time:  2009-08-18_102922
Version:
   Company:    Microsoft Corporation
   Product:    Microsoft® Windows Live ID
   FileDesc:   Microsoft® Windows Live ID Namespace Provider
   FileVer:    6.500.3165.0
   ProdVer:    6.500.3165.0

Module 14
C:\Windows\system32\DNSAPI.dll
Image Base: 0x72120000  Image Size: 0x00044000
File Size:  269824      File Time:  2009-07-13_211514
Version:
   Company:    Microsoft Corporation
   Product:    Microsoft® Windows® Operating System
   FileDesc:   DNS Client API DLL
   FileVer:    6.1.7600.16385
   ProdVer:    6.1.7600.16385

Module 15
C:\Windows\system32\uxtheme.dll
Image Base: 0x721d0000  Image Size: 0x00080000
File Size:  245760      File Time:  2009-07-13_211126
Version:
   Company:    Microsoft Corporation
   Product:    Microsoft® Windows® Operating System
   FileDesc:   Microsoft UxTheme Library
   FileVer:    6.1.7600.16385
   ProdVer:    6.1.7600.16385

Module 16
C:\Windows\system32\dwmapi.dll
Image Base: 0x72300000  Image Size: 0x00013000
File Size:  67072       File Time:  2009-07-13_211514
Version:
   Company:    Microsoft Corporation
   Product:    Microsoft® Windows® Operating System
   FileDesc:   Microsoft Desktop Window Manager API
   FileVer:    6.1.7600.16385
   ProdVer:    6.1.7600.16385

Module 17
C:\Windows\WinSxS\x86_microsoft.windows.common-controls_6595b64144ccf1df_6.0.7600.16385_none_421189da2b7fabfc\comctl32.dll
Image Base: 0x72320000  Image Size: 0x0019e000
File Size:  1680896     File Time:  2009-07-13_210352
Version:
   Company:    Microsoft Corporation
   Product:    Microsoft® Windows® Operating System
   FileDesc:   User Experience Controls Library
   FileVer:    6.10.7600.16385
   ProdVer:    6.1.7600.16385

Module 18
C:\Windows\System32\wshtcpip.dll
Image Base: 0x72780000  Image Size: 0x00005000
File Size:  9216        File Time:  2009-07-13_211622
Version:
   Company:    Microsoft Corporation
   Product:    Microsoft® Windows® Operating System
   FileDesc:   Winsock2 Helper DLL (TL/IPv4)
   FileVer:    6.1.7600.16385
   ProdVer:    6.1.7600.16385

Module 19
C:\Windows\system32\MSWSOCK.dll
Image Base: 0x72790000  Image Size: 0x0003c000
File Size:  232448      File Time:  2009-07-13_211552
Version:
   Company:    Microsoft Corporation
   Product:    Microsoft® Windows® Operating System
   FileDesc:   Microsoft Windows Sockets 2.0 Service Provider
   FileVer:    6.1.7600.16385
   ProdVer:    6.1.7600.16385

Module 20
C:\Windows\system32\WINMM.dll
Image Base: 0x72c20000  Image Size: 0x00032000
File Size:  194048      File Time:  2009-07-13_211620
Version:
   Company:    Microsoft Corporation
   Product:    Microsoft® Windows® Operating System
   FileDesc:   MCI API DLL
   FileVer:    6.1.7600.16385
   ProdVer:    6.1.7600.16385

Module 21
C:\Windows\system32\WSOCK32.dll
Image Base: 0x72c60000  Image Size: 0x00007000
File Size:  15360       File Time:  2009-07-13_211622
Version:
   Company:    Microsoft Corporation
   Product:    Microsoft® Windows® Operating System
   FileDesc:   Windows Socket 32-Bit DLL
   FileVer:    6.1.7600.16385
   ProdVer:    6.1.7600.16385

Module 22
C:\Windows\system32\dhcpcsvc.DLL
Image Base: 0x72c70000  Image Size: 0x00012000
File Size:  61952       File Time:  2009-07-13_211512
Version:
   Company:    Microsoft Corporation
   Product:    Microsoft® Windows® Operating System
   FileDesc:   DHCP Client Service
   FileVer:    6.1.7600.16385
   ProdVer:    6.1.7600.16385

Module 23
C:\Windows\system32\dhcpcsvc6.DLL
Image Base: 0x72c90000  Image Size: 0x0000d000
File Size:  43008       File Time:  2009-07-13_211512
Version:
   Company:    Microsoft Corporation
   Product:    Microsoft® Windows® Operating System
   FileDesc:   DHCPv6 Client
   FileVer:    6.1.7600.16385
   ProdVer:    6.1.7600.16385

Module 24
C:\Windows\system32\WINNSI.DLL
Image Base: 0x72ca0000  Image Size: 0x00007000
File Size:  16896       File Time:  2009-07-13_211620
Version:
   Company:    Microsoft Corporation
   Product:    Microsoft® Windows® Operating System
   FileDesc:   Network Store Information RPC interface
   FileVer:    6.1.7600.16385
   ProdVer:    6.1.7600.16385

Module 25
C:\Windows\system32\IPHLPAPI.DLL
Image Base: 0x72cb0000  Image Size: 0x0001c000
File Size:  103936      File Time:  2009-07-13_211534
Version:
   Company:    Microsoft Corporation
   Product:    Microsoft® Windows® Operating System
   FileDesc:   IP Helper API
   FileVer:    6.1.7600.16385
   ProdVer:    6.1.7600.16385

Module 26
C:\Program Files\UltraMon\UltraMonResButtons.dll
Image Base: 0x72fb0000  Image Size: 0x00051000
File Size:  325120      File Time:  2010-12-20_180818
Version:
   Company:    Realtime Soft Ltd
   Product:    UltraMon
   FileDesc:   UltraMon Button Resources
   FileVer:    3.1.0.0
   ProdVer:    3.1.0.0

Module 27
C:\Windows\system32\DCIMAN32.dll
Image Base: 0x73f10000  Image Size: 0x00006000
File Size:  10240       File Time:  2009-07-13_211510
Version:
   Company:    Microsoft Corporation
   Product:    Microsoft® Windows® Operating System
   FileDesc:   DCI Manager
   FileVer:    6.1.7600.16385
   ProdVer:    6.1.7600.16385

Module 28
C:\Windows\system32\GLU32.dll
Image Base: 0x74710000  Image Size: 0x00022000
File Size:  130048      File Time:  2009-07-13_211524
Version:
   Company:    Microsoft Corporation
   Product:    Microsoft® Windows® Operating System
   FileDesc:   OpenGL Utility Library DLL
   FileVer:    6.1.7600.16385
   ProdVer:    6.1.7600.16385

Module 29
C:\Windows\system32\MSACM32.dll
Image Base: 0x74950000  Image Size: 0x00014000
File Size:  72192       File Time:  2009-07-13_211544
Version:
   Company:    Microsoft Corporation
   Product:    Microsoft® Windows® Operating System
   FileDesc:   Microsoft ACM Audio Filter
   FileVer:    6.1.7600.16385
   ProdVer:    6.1.7600.16385

Module 30
C:\Windows\system32\dsound.dll
Image Base: 0x74970000  Image Size: 0x00072000
File Size:  453632      File Time:  2009-07-13_211514
Version:
   Company:    Microsoft Corporation
   Product:    Microsoft® Windows® Operating System
   FileDesc:   DirectSound
   FileVer:    6.1.7600.16385
   ProdVer:    6.1.7600.16385

Module 31
C:\Windows\system32\midimap.dll
Image Base: 0x74a00000  Image Size: 0x00007000
File Size:  16896       File Time:  2009-07-13_211542
Version:
   Company:    Microsoft Corporation
   Product:    Microsoft® Windows® Operating System
   FileDesc:   Microsoft MIDI Mapper
   FileVer:    6.1.7600.16385
   ProdVer:    6.1.7600.16385

Module 32
C:\Windows\system32\AUDIOSES.DLL
Image Base: 0x74a10000  Image Size: 0x00036000
File Size:  195584      File Time:  2009-07-13_211458
Version:
   Company:    Microsoft Corporation
   Product:    Microsoft® Windows® Operating System
   FileDesc:   Audio Session
   FileVer:    6.1.7600.16385
   ProdVer:    6.1.7600.16385

Module 33
C:\Windows\system32\xinput9_1_0.dll
Image Base: 0x74a60000  Image Size: 0x00009000
File Size:  25600       File Time:  2009-07-13_211622
Version:
   Company:    Microsoft Corporation
   Product:    Microsoft® Windows® Operating System
   FileDesc:   XNA Common Controller
   FileVer:    6.1.7600.16385
   ProdVer:    6.1.7600.16385

Module 34
C:\Windows\system32\d3d8thk.dll
Image Base: 0x74a70000  Image Size: 0x00006000
File Size:  11264       File Time:  2009-07-13_211510
Version:
   Company:    Microsoft Corporation
   Product:    Microsoft® Windows® Operating System
   FileDesc:   Microsoft Direct3D OS Thunk Layer
   FileVer:    6.1.7600.16385
   ProdVer:    6.1.7600.16385

Module 35
C:\Windows\System32\winrnr.dll
Image Base: 0x74b20000  Image Size: 0x00008000
File Size:  20992       File Time:  2009-07-13_211620
Version:
   Company:    Microsoft Corporation
   Product:    Microsoft® Windows® Operating System
   FileDesc:   LDAP RnR Provider DLL
   FileVer:    6.1.7600.16385
   ProdVer:    6.1.7600.16385

Module 36
C:\Windows\system32\NLAapi.dll
Image Base: 0x74b40000  Image Size: 0x00010000
File Size:  51712       File Time:  2009-07-13_211604
Version:
   Company:    Microsoft Corporation
   Product:    Microsoft® Windows® Operating System
   FileDesc:   Network Location Awareness 2
   FileVer:    6.1.7600.16385
   ProdVer:    6.1.7600.16385

Module 37
C:\Windows\system32\powrprof.dll
Image Base: 0x74b50000  Image Size: 0x00025000
File Size:  145408      File Time:  2009-07-13_211614
Version:
   Company:    Microsoft Corporation
   Product:    Microsoft® Windows® Operating System
   FileDesc:   Power Profile Helper DLL
   FileVer:    6.1.7600.16385
   ProdVer:    6.1.7600.16385

Module 38
C:\Windows\system32\msacm32.drv
Image Base: 0x74b80000  Image Size: 0x00008000
File Size:  20992       File Time:  2009-07-13_211410
Version:
   Company:    Microsoft Corporation
   Product:    Microsoft® Windows® Operating System
   FileDesc:   Microsoft Sound Mapper
   FileVer:    6.1.7600.16385
   ProdVer:    6.1.7600.16385

Module 39
C:\Windows\system32\WindowsCodecs.dll
Image Base: 0x74c20000  Image Size: 0x000fb000
File Size:  1011200     File Time:  2009-07-13_211620
Version:
   Company:    Microsoft Corporation
   Product:    Microsoft® Windows® Operating System
   FileDesc:   Microsoft Windows Codecs Library
   FileVer:    6.1.7600.16385
   ProdVer:    6.1.7600.16385

Module 40
C:\Windows\system32\wdmaud.drv
Image Base: 0x74d30000  Image Size: 0x00030000
File Size:  172032      File Time:  2009-07-13_211410
Version:
   Company:    Microsoft Corporation
   Product:    Microsoft® Windows® Operating System
   FileDesc:   Winmm  audio system driver
   FileVer:    6.1.7600.16385
   ProdVer:    6.1.7600.16385

Module 41
C:\Windows\system32\AVRT.dll
Image Base: 0x74d70000  Image Size: 0x00007000
File Size:  14336       File Time:  2009-07-13_211500
Version:
   Company:    Microsoft Corporation
   Product:    Microsoft® Windows® Operating System
   FileDesc:   Multimedia Realtime Runtime
   FileVer:    6.1.7600.16385
   ProdVer:    6.1.7600.16385

Module 42
C:\Windows\system32\ksuser.dll
Image Base: 0x74d80000  Image Size: 0x00004000
File Size:  4608        File Time:  2009-07-13_211536
Version:
   Company:    Microsoft Corporation
   Product:    Microsoft® Windows® Operating System
   FileDesc:   User CSA Library
   FileVer:    6.1.7600.16385
   ProdVer:    6.1.7600.16385

Module 43
C:\Windows\system32\PROPSYS.dll
Image Base: 0x75080000  Image Size: 0x000f5000
File Size:  988160      File Time:  2009-07-13_211614
Version:
   Company:    Microsoft Corporation
   Product:    Windows® Search
   FileDesc:   Microsoft Property System
   FileVer:    7.0.7600.16385
   ProdVer:    7.0.7600.16385

Module 44
C:\Windows\system32\HID.DLL
Image Base: 0x751d0000  Image Size: 0x00009000
File Size:  22016       File Time:  2009-07-13_211526
Version:
   Company:    Microsoft Corporation
   Product:    Microsoft® Windows® Operating System
   FileDesc:   Hid User Library
   FileVer:    6.1.7600.16385
   ProdVer:    6.1.7600.16385

Module 45
C:\Windows\system32\pnrpnsp.dll
Image Base: 0x752a0000  Image Size: 0x00012000
File Size:  65024       File Time:  2009-07-13_211614
Version:
   Company:    Microsoft Corporation
   Product:    Microsoft® Windows® Operating System
   FileDesc:   PNRP Name Space Provider
   FileVer:    6.1.7600.16385
   ProdVer:    6.1.7600.16385

Module 46
C:\Windows\system32\napinsp.dll
Image Base: 0x752c0000  Image Size: 0x00010000
File Size:  52224       File Time:  2009-07-13_211604
Version:
   Company:    Microsoft Corporation
   Product:    Microsoft® Windows® Operating System
   FileDesc:   E-mail Naming Shim Provider
   FileVer:    6.1.7600.16385
   ProdVer:    6.1.7600.16385

Module 47
C:\Windows\system32\VERSION.dll
Image Base: 0x75390000  Image Size: 0x00009000
File Size:  21504       File Time:  2009-07-13_211618
Version:
   Company:    Microsoft Corporation
   Product:    Microsoft® Windows® Operating System
   FileDesc:   Version Checking and File Installation Libraries
   FileVer:    6.1.7600.16385
   ProdVer:    6.1.7600.16385

Module 48
C:\Windows\syswow64\CRYPTBASE.dll
Image Base: 0x754b0000  Image Size: 0x0000c000
File Size:  36864       File Time:  2009-07-13_211508
Version:
   Company:    Microsoft Corporation
   Product:    Microsoft® Windows® Operating System
   FileDesc:   Base cryptographic API DLL
   FileVer:    6.1.7600.16385
   ProdVer:    6.1.7600.16385

Module 49
C:\Windows\syswow64\SspiCli.dll
Image Base: 0x754c0000  Image Size: 0x00060000
File Size:  96768       File Time:  2009-07-13_211126
Version:
   Company:    Microsoft Corporation
   Product:    Microsoft® Windows® Operating System
   FileDesc:   Security Support Provider Interface
   FileVer:    6.1.7600.16385
   ProdVer:    6.1.7600.16385

Module 50
C:\Windows\syswow64\NSI.dll
Image Base: 0x75520000  Image Size: 0x00006000
File Size:  8704        File Time:  2009-07-13_211612
Version:
   Company:    Microsoft Corporation
   Product:    Microsoft® Windows® Operating System
   FileDesc:   NSI User-mode interface DLL
   FileVer:    6.1.7600.16385
   ProdVer:    6.1.7600.16385

Module 51
C:\Windows\syswow64\MSCTF.dll
Image Base: 0x75530000  Image Size: 0x000cc000
File Size:  828928      File Time:  2009-07-13_211544
Version:
   Company:    Microsoft Corporation
   Product:    Microsoft® Windows® Operating System
   FileDesc:   MSCTF Server DLL
   FileVer:    6.1.7600.16385
   ProdVer:    6.1.7600.16385

Module 52
C:\Windows\syswow64\DEVOBJ.dll
Image Base: 0x75600000  Image Size: 0x00012000
File Size:  64512       File Time:  2009-07-13_211512
Version:
   Company:    Microsoft Corporation
   Product:    Microsoft® Windows® Operating System
   FileDesc:   Device Information Set DLL
   FileVer:    6.1.7600.16385
   ProdVer:    6.1.7600.16385

Module 53
C:\Windows\syswow64\ADVAPI32.dll
Image Base: 0x75620000  Image Size: 0x000a0000
File Size:  640000      File Time:  2009-07-13_211454
Version:
   Company:    Microsoft Corporation
   Product:    Microsoft® Windows® Operating System
   FileDesc:   Advanced Windows 32 Base API
   FileVer:    6.1.7600.16385
   ProdVer:    6.1.7600.16385

Module 54
C:\Windows\syswow64\msvcrt.dll
Image Base: 0x756f0000  Image Size: 0x000ac000
File Size:  690688      File Time:  2009-07-13_211552
Version:
   Company:    Microsoft Corporation
   Product:    Microsoft® Windows® Operating System
   FileDesc:   Windows NT CRT DLL
   FileVer:    7.0.7600.16385
   ProdVer:    6.1.8638.16385

Module 55
C:\Windows\syswow64\KERNELBASE.dll
Image Base: 0x757a0000  Image Size: 0x00046000
File Size:  269824      File Time:  2009-07-13_211124
Version:
   Company:    Microsoft Corporation
   Product:    Microsoft® Windows® Operating System
   FileDesc:   Windows NT BASE API Client DLL
   FileVer:    6.1.7600.16385
   ProdVer:    6.1.7600.16385

Module 56
C:\Windows\syswow64\SHLWAPI.dll
Image Base: 0x75930000  Image Size: 0x00057000
File Size:  350208      File Time:  2009-07-13_211616
Version:
   Company:    Microsoft Corporation
   Product:    Microsoft® Windows® Operating System
   FileDesc:   Shell Light-weight Utility Library
   FileVer:    6.1.7600.16385
   ProdVer:    6.1.7600.16385

Module 57
C:\Windows\syswow64\RPCRT4.dll
Image Base: 0x75990000  Image Size: 0x000f0000
File Size:  662528      File Time:  2009-07-13_211124
Version:
   Company:    Microsoft Corporation
   Product:    Microsoft® Windows® Operating System
   FileDesc:   Remote Procedure Call Runtime
   FileVer:    6.1.7600.16385
   ProdVer:    6.1.7600.16385

Module 58
C:\Windows\syswow64\WS2_32.dll
Image Base: 0x75ce0000  Image Size: 0x00035000
File Size:  206336      File Time:  2009-07-13_211622
Version:
   Company:    Microsoft Corporation
   Product:    Microsoft® Windows® Operating System
   FileDesc:   Windows Socket 2.0 32-Bit DLL
   FileVer:    6.1.7600.16385
   ProdVer:    6.1.7600.16385

Module 59
C:\Windows\syswow64\ole32.dll
Image Base: 0x75d20000  Image Size: 0x0015c000
File Size:  1412608     File Time:  2009-07-13_211614
Version:
   Company:    Microsoft Corporation
   Product:    Microsoft® Windows® Operating System
   FileDesc:   Microsoft OLE for Windows
   FileVer:    6.1.7600.16385
   ProdVer:    6.1.7600.16385

Module 60
C:\Windows\syswow64\MSASN1.dll
Image Base: 0x75ed0000  Image Size: 0x0000c000
File Size:  33280       File Time:  2009-07-13_211544
Version:
   Company:    Microsoft Corporation
   Product:    Microsoft® Windows® Operating System
   FileDesc:   ASN.1 Runtime APIs
   FileVer:    6.1.7600.16385
   ProdVer:    6.1.7600.16385

Module 61
C:\Windows\syswow64\OLEAUT32.dll
Image Base: 0x75ee0000  Image Size: 0x0008f000
File Size:  571904      File Time:  2009-07-13_211614
Version:
   Company:    Microsoft Corporation
   Product:    
   FileDesc:   
   FileVer:    6.1.7600.16385
   ProdVer:    6.1.7600.16385

Module 62
C:\Windows\syswow64\USER32.dll
Image Base: 0x75f70000  Image Size: 0x00100000
File Size:  833024      File Time:  2009-07-13_211126
Version:
   Company:    Microsoft Corporation
   Product:    Microsoft® Windows® Operating System
   FileDesc:   Multi-User Windows USER API Client DLL
   FileVer:    6.1.7600.16385
   ProdVer:    6.1.7600.16385

Module 63
C:\Windows\syswow64\IMM32.dll
Image Base: 0x76070000  Image Size: 0x00060000
File Size:  119808      File Time:  2009-07-13_211122
Version:
   Company:    Microsoft Corporation
   Product:    Microsoft® Windows® Operating System
   FileDesc:   Multi-User Windows IMM32 API Client DLL
   FileVer:    6.1.7600.16385
   ProdVer:    6.1.7600.16385

Module 64
C:\Windows\syswow64\WINTRUST.dll
Image Base: 0x761d0000  Image Size: 0x0002d000
File Size:  172544      File Time:  2009-07-13_211620
Version:
   Company:    Microsoft Corporation
   Product:    Microsoft® Windows® Operating System
   FileDesc:   Microsoft Trust Verification APIs
   FileVer:    6.1.7600.16385
   ProdVer:    6.1.7600.16385

Module 65
C:\Windows\syswow64\CLBCatQ.DLL
Image Base: 0x76200000  Image Size: 0x00083000
File Size:  522240      File Time:  2009-07-13_211504
Version:
   Company:    Microsoft Corporation
   Product:    Microsoft® Windows® Operating System
   FileDesc:   COM+ Configuration Catalog
   FileVer:    2001.12.8530.16385
   ProdVer:    6.1.7600.16385

Module 66
C:\Windows\syswow64\USP10.dll
Image Base: 0x76290000  Image Size: 0x0009d000
File Size:  627200      File Time:  2009-07-13_211618
Version:
   Company:    Microsoft Corporation
   Product:    Microsoft(R) Uniscribe Unicode script processor
   FileDesc:   Uniscribe Unicode script processor
   FileVer:    1.626.7600.16385
   ProdVer:    1.626.7600.16385

Module 67
C:\Windows\syswow64\LPK.dll
Image Base: 0x76340000  Image Size: 0x0000a000
File Size:  25600       File Time:  2009-07-13_211124
Version:
   Company:    Microsoft Corporation
   Product:    Microsoft® Windows® Operating System
   FileDesc:   Language Pack
   FileVer:    6.1.7600.16385
   ProdVer:    6.1.7600.16385

Module 68
C:\Windows\syswow64\CFGMGR32.dll
Image Base: 0x763e0000  Image Size: 0x00027000
File Size:  145920      File Time:  2009-07-13_211504
Version:
   Company:    Microsoft Corporation
   Product:    Microsoft® Windows® Operating System
   FileDesc:   Configuration Manager DLL
   FileVer:    6.1.7600.16385
   ProdVer:    6.1.7600.16385

Module 69
C:\Windows\syswow64\GDI32.dll
Image Base: 0x76410000  Image Size: 0x00090000
File Size:  310784      File Time:  2009-07-13_211122
Version:
   Company:    Microsoft Corporation
   Product:    Microsoft® Windows® Operating System
   FileDesc:   GDI Client DLL
   FileVer:    6.1.7600.16385
   ProdVer:    6.1.7600.16385

Module 70
C:\Windows\syswow64\SETUPAPI.dll
Image Base: 0x764a0000  Image Size: 0x0019d000
File Size:  1668608     File Time:  2009-07-13_211616
Version:
   Company:    Microsoft Corporation
   Product:    Microsoft® Windows® Operating System
   FileDesc:   Windows Setup API
   FileVer:    6.1.7600.16385
   ProdVer:    6.1.7600.16385

Module 71
C:\Windows\SysWOW64\sechost.dll
Image Base: 0x76640000  Image Size: 0x00019000
File Size:  92160       File Time:  2009-07-13_211614
Version:
   Company:    Microsoft Corporation
   Product:    Microsoft® Windows® Operating System
   FileDesc:   Host for SCM/SDDL/LSA Lookup APIs
   FileVer:    6.1.7600.16385
   ProdVer:    6.1.7600.16385

Module 72
C:\Windows\syswow64\kernel32.dll
Image Base: 0x766e0000  Image Size: 0x00100000
File Size:  836608      File Time:  2009-07-13_211124
Version:
   Company:    Microsoft Corporation
   Product:    Microsoft® Windows® Operating System
   FileDesc:   Windows NT BASE API Client DLL
   FileVer:    6.1.7600.16385
   ProdVer:    6.1.7600.16385

Module 73
C:\Windows\syswow64\SHELL32.dll
Image Base: 0x767e0000  Image Size: 0x00c49000
File Size:  12866560    File Time:  2009-07-13_211616
Version:
   Company:    Microsoft Corporation
   Product:    Microsoft® Windows® Operating System
   FileDesc:   Windows Shell Common Dll
   FileVer:    6.1.7600.16385
   ProdVer:    6.1.7600.16385

Module 74
C:\Windows\syswow64\CRYPT32.dll
Image Base: 0x77430000  Image Size: 0x0011c000
File Size:  1151488     File Time:  2009-07-13_211508
Version:
   Company:    Microsoft Corporation
   Product:    Microsoft® Windows® Operating System
   FileDesc:   Crypto API32
   FileVer:    6.1.7600.16385
   ProdVer:    6.1.7600.16385

Module 75
C:\Windows\syswow64\PSAPI.DLL
Image Base: 0x77920000  Image Size: 0x00005000
File Size:  6144        File Time:  2009-07-13_211614
Version:
   Company:    Microsoft Corporation
   Product:    Microsoft® Windows® Operating System
   FileDesc:   Process Status Helper
   FileVer:    6.1.7600.16385
   ProdVer:    6.1.7600.16385

Module 76
C:\Windows\SysWOW64\ntdll.dll
Image Base: 0x77950000  Image Size: 0x00180000
File Size:  1289712     File Time:  2009-07-13_211752
Version:
   Company:    Microsoft Corporation
   Product:    Microsoft® Windows® Operating System
   FileDesc:   NT Layer DLL
   FileVer:    6.1.7600.16385
   ProdVer:    6.1.7600.16385


== [end of error.log] ==
