Unity Player [version: Unity 3.5.0f5_dae8896b94af]

YouDunnit.exe caused an Access Violation (0xc0000005)
  in module YouDunnit.exe at 0023:0044605f.

Error occurred at 2012-03-20_113812.
C:\Users\Tyler\Desktop\You Dunnit\2011capstone02\Builds\Standalone\0.04\YouDunnit.exe, run by Tyler.
52% memory in use.
0 MB physical memory [2888 MB free].
0 MB paging file [0 MB free].
0 MB user address space [3656 MB free].
Read from location 00000000 caused an access violation.

Context:
EDI:    0x09be1200  ESI: 0x09be12e4  EAX:   0x00000000
EBX:    0x00000000  ECX: 0x05bc13f8  EDX:   0x00000024
EIP:    0x0044605f  EBP: 0x0018f3f0  SegCs: 0x00000023
EFlags: 0x00010246  ESP: 0x0018f3a0  SegSs: 0x0000002b

Bytes at CS:EIP:
8b 10 8b c8 8b 42 58 ff d0 09 47 34 83 c6 08 3b 

Stack:
0x0018f3a0: 00002111 09be1200 00000000 00446eef .!...........nD.
0x0018f3b0: 04b7d3dc 09be1200 004477b9 04b7d3dc .........wD.....
0x0018f3c0: 0000031f 005c2ae7 00000003 00000008 .....*\.........
0x0018f3d0: 04b7d3dc 00002111 04b435b8 04c2c694 .....!...5......
0x0018f3e0: 04c383dc 04b435b8 04c383dc 04c383dc .....5..........
0x0018f3f0: 0018f44c 005c2f5e 04b7d3dc 00002db8 L...^/\......-..
0x0018f400: 00000003 00000000 04b7d3dc 04b8dc64 ............d...
0x0018f410: 00002111 005c2430 04d011c4 04b397d0 .!..0$\.........
0x0018f420: 00000001 00000000 00000005 00002111 .............!..
0x0018f430: 00000000 0000005d 04b6c830 04b9eb34 ....]...0...4...
0x0018f440: 04b7d3dc 04b8df88 04baf6e0 0018f4b0 ................
0x0018f450: 005c7182 00000003 00000000 04d6f040 .q\.........@...
0x0018f460: 04d011c4 04b6c830 04b6c830 04b7d3c8 ....0...0.......
0x0018f470: 0018f4b0 04b7d3dc 04b8dc64 04b8df74 ........d...t...
0x0018f480: 04d6f040 04b8df88 04b8df88 04b9eb20 @........... ...
0x0018f490: 00000000 04baf6e0 04baf9c8 04bc0278 ............x...
0x0018f4a0: 00000000 04b9eb34 04b9eb5c 04baf6cc ....4...\.......
0x0018f4b0: 0018f4d8 00586d59 04d6f040 00000000 ....YmX.@.......
0x0018f4c0: 00000070 ffffffff 00000000 04d011a4 p...............
0x0018f4d0: 04d011c4 04d6f040 0018f50c 0056f421 ....@.......!.V.
0x0018f4e0: 04d6f0d0 00c2ca44 00000000 04d011a4 ....D...........
0x0018f4f0: 04b39868 04b397d0 04d011c4 04d011a4 h...............
0x0018f500: 00000001 0018f518 0018f518 0018f518 ................
0x0018f510: 00570366 04d011a4 0018f588 00570429 f.W.........).W.
0x0018f520: 3b83126f 00000010 04d6f040 00000000 o..;....@.......
0x0018f530: 0056e476 75f8811b 75faed58 00000001 v.V....uX..u....
0x0018f540: 0000002b 04d6e300 09ba2f64 09ba3174 +.......d/..t1..
0x0018f550: 09ba30c4 00000000 0000000f 0000002b .0..........+...
0x0018f560: 6e696100 61746144 00000000 3f000000 .ainData.......?
0x0018f570: 00000000 0000000f 440c4000 00000000 .........@.D....
0x0018f580: 00000000 00000000 0018f598 00613d53 ............S=a.
0x0018f590: 75f87d79 08895e61 0018f5cc 00614231 y}.ua^......1Ba.
0x0018f5a0: 00000010 00000000 00000000 002d1d00 ..............-.
0x0018f5b0: 000000ff 00000000 005d117d 08895e42 ........}.].B^..
0x0018f5c0: 00000861 0000001a 000005a0 0018fef8 a...............
0x0018f5d0: 00615282 fffffffe 00000000 00000001 .Ra.............
0x0018f5e0: 003a0043 0055005c 00650073 00730072 C.:.\.U.s.e.r.s.
0x0018f5f0: 0054005c 006c0079 00720065 0044005c \.T.y.l.e.r.\.D.
0x0018f600: 00730065 0074006b 0070006f 0059005c e.s.k.t.o.p.\.Y.
0x0018f610: 0075006f 00440020 006e0075 0069006e o.u. .D.u.n.n.i.
0x0018f620: 005c0074 00300032 00310031 00610063 t.\.2.0.1.1.c.a.
0x0018f630: 00730070 006f0074 0065006e 00320030 p.s.t.o.n.e.0.2.
0x0018f640: 0042005c 00690075 0064006c 005c0073 \.B.u.i.l.d.s.\.
0x0018f650: 00740053 006e0061 00610064 006f006c S.t.a.n.d.a.l.o.
0x0018f660: 0065006e 0030005c 0030002e 005c0034 n.e.\.0...0.4.\.
0x0018f670: 006f0059 00440075 006e0075 0069006e Y.o.u.D.u.n.n.i.
0x0018f680: 005f0074 00610044 00610074 006f005c t._.D.a.t.a.\.o.
0x0018f690: 00740075 00750070 005f0074 006f006c u.t.p.u.t._.l.o.
0x0018f6a0: 002e0067 00780074 00000074 00000000 g...t.x.t.......
0x0018f6b0: 070e0000 0711d5b0 0711d570 070e0150 ........p...P...
0x0018f6c0: 06fbe9e0 070e0000 070e0150 00000000 ........P.......
0x0018f6d0: 0711d778 070e0150 08000008 070e0000 x...P...........
0x0018f6e0: 070e0150 00000005 0b00050e 070e0150 P...........P...
0x0018f6f0: 05000005 0711d778 0b00050e 00000032 ....x.......2...
0x0018f700: 0018f718 0b00050e 00000003 070e0c40 ............@...
0x0018f710: 00000080 0000048e 0711d608 00000000 ................
0x0018f720: 0018f864 0018f740 756fa53a 00000000 d...@...:.ou....
0x0018f730: 0018fa68 756fd0ef 0018f9bc 00000000 h.....ou........
0x0018f740: 0018f9d0 756fd0ba 00000000 0018fca8 ......ou........
0x0018f750: 0018fca8 756fcf18 012058d0 012058d0 ......ou.X ..X .
0x0018f760: 00000007 75f87383 0018f994 00000000 .....s.u........
0x0018f770: 00000000 0018f9f4 00000007 00000000 ................
0x0018f780: 00000000 75792bd0 00f81920 00f807d0 .....+yu .......
0x0018f790: 00000001 00000000 00000008 00000000 ................
0x0018f7a0: 75ce8558 0018f7fc 00000008 0018fa6c X..u........l...
0x0018f7b0: 00000008 0018f9bc fffffff8 001e20d7 ............. ..
0x0018f7c0: 00000008 0018f7fc ffffffff 00000016 ................
0x0018f7d0: 00312b28 002c0000 00312e00 00312b18 (+1...,...1..+1.
0x0018f7e0: 002c0000 00312e00 00000000 00000045 ..,...1.....E...
0x0018f7f0: 0018f8dc 00000016 002c0000 00312b28 ..........,.(+1.
0x0018f800: 0018f8dc 77983af4 77983b23 7f349a4f .....:.w#;.wO.4.
0x0018f810: 0018fa7c 002c0234 002c0000 002c0150 |...4.,...,.P.,.
0x0018f820: 002c0000 00312b28 00000000 45000045 ..,.(+1.....E..E
0x0018f830: 72220290 00312be0 00315678 002c00c4 .."r.+1.xV1...,.
0x0018f840: 00000228 002c0000 08000000 00312b28 (.....,.....(+1.
0x0018f850: 0018f940 7798371e 002c0138 779836fa @....7.w8.,..6.w
0x0018f860: 7f349bd3 00000000 002c0000 00000007 ..4.......,.....
0x0018f870: 00312a60 002c0000 00312e00 00312b18 `*1...,...1..+1.
0x0018f880: 00000000 00000000 00000000 0000006d ............m...
0x0018f890: 0018f97c 00000007 002c0000 00312a60 |.........,.`*1.
0x0018f8a0: 0018f97c 77983af4 77983b23 7f349bef |....:.w#;.w..4.
0x0018f8b0: 0018fa74 002c01bc 002c0000 002c0150 t.....,...,.P.,.
0x0018f8c0: 00312a60 002c0000 002c0150 0018fabc `*1...,.P.,.....
0x0018f8d0: 779c041d 2f00012e 0000006d 00000000 ...w.../m.......
0x0018f8e0: 002c0150 00000007 00315678 00312a60 P.,.....xV1.`*1.
0x0018f8f0: 00000074 002c0000 00312a60 00000000 t.....,.`*1.....
0x0018f900: 7797e20c 7f349b1b 0018fa70 002c01ac ...w..4.p.....,.
0x0018f910: 002c0000 002c0000 002c0000 00de0006 ..,...,...,.....
0x0018f920: 00000047 0018f9ac 7796fa48 0018fa78 G.......H..wx...
0x0018f930: 0018f964 7798609f 779860a4 7f349bf7 d....`.w.`.w..4.
0x0018f940: 0018fa78 7796fa48 0018f9ac 0018f93c x...H..w....<...
0x0018f950: 7796fa5a 0018fab8 779c041d 08bbafcb Z..w.......w....
0x0018f960: fffffffe 779860a4 766f216c 00000000 .....`.wl!ov....
0x0018f970: 7567eff5 00000100 00315670 002c0000 ..gu....pV1...,.
0x0018f980: 00315fe0 0018faa8 0000000c 0018faa4 ._1.............
0x0018f990: 00000000 0000002e 0018fa84 00000100 ................
0x0018f9a0: 002c0000 00315670 0018fa84 77983af4 ..,.pV1......:.w
0x0018f9b0: 77983b23 7f349817 00078000 00000000 #;.w..4.........
0x0018f9c0: 002c0000 002c50b0 006f006f 00250074 ..,..P,.o.o.t.%.
0x0018f9d0: 002c50b0 00730079 002c50e8 0033006d .P,.y.s..P,.m.3.
0x0018f9e0: 0000002e 00000000 002c50b0 000000ae .........P,.....
0x0018f9f0: 00315678 0064002e 0000012e 00312a60 xV1...d.....`*1.
0x0018fa00: 00000100 00000007 00312a60 002c0000 ........`*1...,.
0x0018fa10: 00312e00 00000000 42000042 00312bf8 ..1.....B..B.+1.
0x0018fa20: 00000000 0000006d 0018fb14 00000000 ....m...........
0x0018fa30: 000007ff 00312a60 2f00012e 002c00c4 ....`*1..../..,.
0x0018fa40: 00000001 7f349987 00800002 00000008 ......4.........
0x0018fa50: 00315678 00315678 00315673 00000000 xV1.xV1.sV1.....
0x0018fa60: 002c0150 002c0000 096f4600 0018f9b4 P.,...,..Fo.....
0x0018fa70: 0000006d 0018fb44 779c041d 08bba583 m...D......w....
0x0018fa80: fffffffe 77983b23 77983b4e 000007f8 ....#;.wN;.w....
0x0018fa90: 00000800 00315672 00315670 00078000 ....rV1.pV1.....
0x0018faa0: 002c8e60 0000000b 002c01ac 002c0000 `.,.......,...,.
0x0018fab0: 002c0000 00100000 00de0006 00000048 ..,.........H...
0x0018fac0: 0018fb48 7796fa48 0018fc14 0018fb00 H...H..w........
0x0018fad0: 7798609f 779860a4 7f349993 0018fc14 .`.w.`.w..4.....
0x0018fae0: 7796fa48 0018fb48 00000032 00312a60 H..wH...2...`*1.
0x0018faf0: 002c0000 00312e00 00000003 00000000 ..,...1.........
0x0018fb00: 00000002 00315678 00300c70 002c8dd0 ....xV1.p.0...,.
0x0018fb10: 00020032 00000001 0000012c 00000006 2.......,.......
0x0018fb20: 00000000 00000000 00300c78 000000fa ........x.0.....
0x0018fb30: 00000005 002c9298 00000005 00000000 ......,.........
0x0018fb40: 00000032 00315e58 0018fbe4 0000000d 2...X^1.........
0x0018fb50: 02a65830 02a60000 02a65fe0 7797e20c 0X......._.....w
0x0018fb60: 7f349977 00312bd4 00000000 000000e9 w.4..+1.........
0x0018fb70: 0018fc5c 0000000d 02a60000 02a65830 \...........0X..
0x0018fb80: 0018fc5c 77983af4 77983b23 7f349ecf \....:.w#;.w..4.
0x0018fb90: 0000277b 02a601ec 02a60000 02a60150 {'..........P...
0x0018fba0: 002c90e0 000007f8 02a60150 00070031 ..,.....P...1...
0x0018fbb0: 00000001 00300c70 000000e9 002c8e00 ....p.0.......,.
0x0018fbc0: 02a60150 002c90e0 02a65838 00000020 P.....,.8X.. ...
0x0018fbd0: 0000007f 00000000 0000000d 002c8dd0 ..............,.
0x0018fbe0: 002c8ef0 003156b8 002c9298 00000000 ..,..V1...,.....
0x0018fbf0: f60000f6 02a600c4 0018fd00 779c041d ...............w
0x0018fc00: 08bbb26b 00000000 0000007f 7797df72 k...........r..w
0x0018fc10: f60000f6 02a600c4 00000001 00000000 ................
0x0018fc20: 00000002 00000008 02a65838 02a65838 ........8X..8X..
0x0018fc30: 02a65833 00000000 001b0000 02a60000 3X..............
0x0018fc40: 0118fc78 0018fb8c 00000002 0018fd3c x...........<...
0x0018fc50: 779c041d 08bba583 fffffffe 77983b23 ...w........#;.w
0x0018fc60: 77983b4e 7796fdf6 757ab7e1 ffffffff N;.w...w..zu....
0x0018fc70: fffffffe ffffffff 02a65840 00000000 ........@X......
0x0018fc80: 00000000 00000002 0018fcac 766f17e2 ..............ov
0x0018fc90: ffffffff fffffffe ffffffff 02a65840 ............@X..
0x0018fca0: 00000000 00000000 00000002 0018fcd8 ................
0x0018fcb0: 75ce35ae ffffffff fffffffe ffffffff .5.u............
0x0018fcc0: 02a65840 00000000 00000000 00000002 @X..............
0x0018fcd0: 75ce35b9 02a65850 0018fcf4 75ce3558 .5.uPX......X5.u
0x0018fce0: 75d070ec 02a65838 75d070ec 00000001 .p.u8X...p.u....
0x0018fcf0: 02a65838 0018fd08 75ce3508 75d070ec 8X.......5.u.p.u
0x0018fd00: 00000001 00000001 02a607d0 0018fd4c ............L...
0x0018fd10: 75cec228 75cec230 09f9ec52 fffffffe (..u0..uR.......
0x0018fd20: 00b1f060 00000001 00000001 00000001 `...............
0x0018fd30: 00000000 0018fd18 002a2d74 0018ff78 ........t-*.x...
0x0018fd40: 75d03562 7c2fd356 fffffffe 75cec230 b5.uV./|....0..u
0x0018fd50: 008a563e 00000202 02a65838 02020202 >V......8X......
0x0018fd60: 536e6957 206b636f 00302e32 7797e20c WinSock 2.0....w
0x0018fd70: 7f349f67 00cd7798 002c01ac 002c0000 g.4..w....,...,.
0x0018fd80: 0011002f 00000001 00c5bd58 002a0000 /.......X.....*.
0x0018fd90: 00000002 0018fca8 000c0030 00000001 ........0.......
0x0018fda0: 779c041d 08bbae83 fffffffe 779924e8 ...w.........$.w
0x0018fdb0: 002c90e0 002a9618 00000020 00000200 ..,...*. .......
0x0018fdc0: 00000000 00300c70 002c8dd0 002c8ef0 ....p.0...,...,.
0x0018fdd0: 003156e0 002c9298 00000000 0018fd70 .V1...,.....p...
0x0018fde0: 00ba3598 0018ff78 779c041d 08bbb26b .5..x......wk...
0x0018fdf0: fffffffe 7797e20c 7797df72 00cd7798 .......wr..w.w..
0x0018fe00: 0000002b 04b37dac 002a1ca0 0000000f +....}....*.....
0x0018fe10: 0018fe00 00000047 0000004f 002a2738 ....G...O...8'*.
0x0018fe20: 00ba3598 0000002b 6f6e6f4d 6e6f6d2f .5..+...Mono/mon
0x0018fe30: 6c642e6f 0000006c 0000000d 0000000f o.dll...........
0x0018fe40: 0018fe84 04b390a0 04b390d8 04b390d8 ................
0x0018fe50: 0000002b 04b38000 6c5f7475 742e676f +.......ut_log.t
0x0018fe60: 00007478 00000065 0000006f 0000002b xt..e...o...+...
0x0018fe70: 04b37e84 00989ef5 002a98b4 002a98b4 .~........*...*.
0x0018fe80: 00000056 0000005f 0000002b 6f6e6f00 V..._...+....ono
0x0018fe90: 6374652f 0018fe00 00989fb1 00000000 /etc............
0x0018fea0: 0000000f 0000002b 04b37f7c 00000000 ....+...|.......
0x0018feb0: 0018fed0 0098a198 00000065 0000006f ........e...o...
0x0018fec0: 0000002b 04b38b00 00646500 00000000 +........ed.....
0x0018fed0: 00c4d838 00000000 0000000f 0000002b 8...........+...
0x0018fee0: 04b39100 00656c69 00000000 00000022 ....ile....."...
0x0018fef0: 00000000 0000000f 0018ff88 0097feff ................
0x0018ff00: 00400000 00000000 002c4590 00000001 ..@......E,.....
0x0018ff10: 09f907e2 00000000 00000000 fffde000 ................
0x0018ff20: 00000044 00301aa0 00305ab8 0030d7b8 D.....0..Z0...0.
0x0018ff30: 00000000 00000000 00000000 00000000 ................
0x0018ff40: 00000000 00000000 00000000 00000001 ................
0x0018ff50: 00000001 00000000 ffffffff ffffffff ................
0x0018ff60: ffffffff c0000005 00000000 00000000 ................
0x0018ff70: 0018ff10 0018ef64 0018ffc4 00981810 ....d...........
0x0018ff80: 09238e62 00000001 0018ff94 766f3677 b.#.........w6ov
0x0018ff90: fffde000 0018ffd4 77989d72 fffde000 ........r..w....
0x0018ffa0: 7f349d47 00000000 00000000 fffde000 G.4.............
0x0018ffb0: c0000005 76719775 76719775 0018ffa0 ....u.qvu.qv....
0x0018ffc0: 0018ef68 ffffffff 779c041d 08bba143 h..........wC...
0x0018ffd0: 00000000 0018ffec 77989d45 0097ff6a ........E..wj...
0x0018ffe0: fffde000 00000000 00000000 00000000 ................
0x0018fff0: 00000000 0097ff6a fffde000 00000000 ....j...........

Module 1
C:\Users\Tyler\Desktop\You Dunnit\2011capstone02\Builds\Standalone\0.04\YouDunnit.exe
Image Base: 0x00400000  Image Size: 0x00954000
File Size:  9101312     File Time:  2012-02-13_181322
Version:
   Company:    
   Product:    
   FileDesc:   
   FileVer:    3.5.0.43509
   ProdVer:    3.5.0.43509

Module 2
C:\Users\Tyler\Desktop\You Dunnit\2011capstone02\Builds\Standalone\0.04\YouDunnit_Data\Mono\mono.dll
Image Base: 0x10000000  Image Size: 0x00216000
File Size:  2086400     File Time:  2012-02-13_181318
Version:
   Company:    
   Product:    
   FileDesc:   
   FileVer:    0.0.0.0
   ProdVer:    0.0.0.0

Module 3
C:\Program Files (x86)\Bonjour\mdnsNSP.dll
Image Base: 0x16080000  Image Size: 0x00025000
File Size:  147456      File Time:  2008-12-12_101144
Version:
   Company:    Apple Inc.
   Product:    Bonjour
   FileDesc:   Bonjour Namespace Provider
   FileVer:    1.0.6.2
   ProdVer:    1.0.6.2

Module 4
C:\Windows\system32\nvd3dum.dll
Image Base: 0x65b50000  Image Size: 0x00cac000
File Size:  13205312    File Time:  2011-10-15_045300
Version:
   Company:    NVIDIA Corporation
   Product:    NVIDIA Windows WDDM D3D driver
   FileDesc:   NVIDIA WDDM D3D Driver, Version 285.62 
   FileVer:    8.17.12.8562
   ProdVer:    8.17.12.8562

Module 5
C:\Program Files\UltraMon\RTSUltraMonHookX32.dll
Image Base: 0x6a870000  Image Size: 0x0003a000
File Size:  210432      File Time:  2010-12-20_181022
Version:
   Company:    Realtime Soft Ltd
   Product:    UltraMon
   FileDesc:   Hook DLL for Realtime Soft UltraMon
   FileVer:    3.1.0.0
   ProdVer:    3.1.0.0

Module 6
C:\Windows\system32\DDRAW.dll
Image Base: 0x6da00000  Image Size: 0x000e7000
File Size:  531968      File Time:  2009-07-13_211512
Version:
   Company:    Microsoft Corporation
   Product:    Microsoft® Windows® Operating System
   FileDesc:   Microsoft DirectDraw
   FileVer:    6.1.7600.16385
   ProdVer:    6.1.7600.16385

Module 7
C:\Windows\system32\OPENGL32.dll
Image Base: 0x6daf0000  Image Size: 0x000c8000
File Size:  791552      File Time:  2009-07-13_211614
Version:
   Company:    Microsoft Corporation
   Product:    Microsoft® Windows® Operating System
   FileDesc:   OpenGL Client DLL
   FileVer:    6.1.7600.16385
   ProdVer:    6.1.7600.16385

Module 8
C:\Windows\system32\d3d9.dll
Image Base: 0x6e3f0000  Image Size: 0x001c3000
File Size:  1826816     File Time:  2009-07-13_211510
Version:
   Company:    Microsoft Corporation
   Product:    Microsoft® Windows® Operating System
   FileDesc:   Direct3D 9 Runtime
   FileVer:    6.1.7600.16385
   ProdVer:    6.1.7600.16385

Module 9
C:\Windows\system32\MMDevAPI.DLL
Image Base: 0x6ea00000  Image Size: 0x00039000
File Size:  213504      File Time:  2009-07-13_211542
Version:
   Company:    Microsoft Corporation
   Product:    Microsoft® Windows® Operating System
   FileDesc:   MMDevice API
   FileVer:    6.1.7600.16385
   ProdVer:    6.1.7600.16385

Module 10
C:\Windows\WinSxS\x86_microsoft.windows.gdiplus_6595b64144ccf1df_1.1.7600.16385_none_72fc7cbf861225ca\gdiplus.dll
Image Base: 0x71110000  Image Size: 0x00190000
File Size:  1624576     File Time:  2009-07-13_210352
Version:
   Company:    Microsoft Corporation
   Product:    Microsoft® Windows® Operating System
   FileDesc:   Microsoft GDI+
   FileVer:    6.1.7600.16385
   ProdVer:    6.1.7600.16385

Module 11
C:\Windows\system32\dbghelp.dll
Image Base: 0x71330000  Image Size: 0x000eb000
File Size:  854528      File Time:  2009-07-13_211510
Version:
   Company:    Microsoft Corporation
   Product:    Microsoft® Windows® Operating System
   FileDesc:   Windows Image Helper
   FileVer:    6.1.7600.16385
   ProdVer:    6.1.7600.16385

Module 12
C:\Windows\system32\msi.dll
Image Base: 0x717c0000  Image Size: 0x00240000
File Size:  2340864     File Time:  2009-07-13_211546
Version:
   Company:    Microsoft Corporation
   Product:    Windows Installer - Unicode
   FileDesc:   Windows Installer
   FileVer:    5.0.7600.16385
   ProdVer:    5.0.7600.16385

Module 13
C:\Program Files (x86)\Common Files\Microsoft Shared\Windows Live\WLIDNSP.DLL
Image Base: 0x71f90000  Image Size: 0x00024000
File Size:  134528      File Time:  2009-08-18_102922
Version:
   Company:    Microsoft Corporation
   Product:    Microsoft® Windows Live ID
   FileDesc:   Microsoft® Windows Live ID Namespace Provider
   FileVer:    6.500.3165.0
   ProdVer:    6.500.3165.0

Module 14
C:\Windows\system32\DNSAPI.dll
Image Base: 0x72120000  Image Size: 0x00044000
File Size:  269824      File Time:  2009-07-13_211514
Version:
   Company:    Microsoft Corporation
   Product:    Microsoft® Windows® Operating System
   FileDesc:   DNS Client API DLL
   FileVer:    6.1.7600.16385
   ProdVer:    6.1.7600.16385

Module 15
C:\Windows\system32\uxtheme.dll
Image Base: 0x721d0000  Image Size: 0x00080000
File Size:  245760      File Time:  2009-07-13_211126
Version:
   Company:    Microsoft Corporation
   Product:    Microsoft® Windows® Operating System
   FileDesc:   Microsoft UxTheme Library
   FileVer:    6.1.7600.16385
   ProdVer:    6.1.7600.16385

Module 16
C:\Windows\system32\dwmapi.dll
Image Base: 0x72300000  Image Size: 0x00013000
File Size:  67072       File Time:  2009-07-13_211514
Version:
   Company:    Microsoft Corporation
   Product:    Microsoft® Windows® Operating System
   FileDesc:   Microsoft Desktop Window Manager API
   FileVer:    6.1.7600.16385
   ProdVer:    6.1.7600.16385

Module 17
C:\Windows\WinSxS\x86_microsoft.windows.common-controls_6595b64144ccf1df_6.0.7600.16385_none_421189da2b7fabfc\comctl32.dll
Image Base: 0x72320000  Image Size: 0x0019e000
File Size:  1680896     File Time:  2009-07-13_210352
Version:
   Company:    Microsoft Corporation
   Product:    Microsoft® Windows® Operating System
   FileDesc:   User Experience Controls Library
   FileVer:    6.10.7600.16385
   ProdVer:    6.1.7600.16385

Module 18
C:\Windows\System32\wshtcpip.dll
Image Base: 0x72780000  Image Size: 0x00005000
File Size:  9216        File Time:  2009-07-13_211622
Version:
   Company:    Microsoft Corporation
   Product:    Microsoft® Windows® Operating System
   FileDesc:   Winsock2 Helper DLL (TL/IPv4)
   FileVer:    6.1.7600.16385
   ProdVer:    6.1.7600.16385

Module 19
C:\Windows\system32\MSWSOCK.dll
Image Base: 0x72790000  Image Size: 0x0003c000
File Size:  232448      File Time:  2009-07-13_211552
Version:
   Company:    Microsoft Corporation
   Product:    Microsoft® Windows® Operating System
   FileDesc:   Microsoft Windows Sockets 2.0 Service Provider
   FileVer:    6.1.7600.16385
   ProdVer:    6.1.7600.16385

Module 20
C:\Windows\system32\WINMM.dll
Image Base: 0x72c20000  Image Size: 0x00032000
File Size:  194048      File Time:  2009-07-13_211620
Version:
   Company:    Microsoft Corporation
   Product:    Microsoft® Windows® Operating System
   FileDesc:   MCI API DLL
   FileVer:    6.1.7600.16385
   ProdVer:    6.1.7600.16385

Module 21
C:\Windows\system32\WSOCK32.dll
Image Base: 0x72c60000  Image Size: 0x00007000
File Size:  15360       File Time:  2009-07-13_211622
Version:
   Company:    Microsoft Corporation
   Product:    Microsoft® Windows® Operating System
   FileDesc:   Windows Socket 32-Bit DLL
   FileVer:    6.1.7600.16385
   ProdVer:    6.1.7600.16385

Module 22
C:\Windows\system32\dhcpcsvc.DLL
Image Base: 0x72c70000  Image Size: 0x00012000
File Size:  61952       File Time:  2009-07-13_211512
Version:
   Company:    Microsoft Corporation
   Product:    Microsoft® Windows® Operating System
   FileDesc:   DHCP Client Service
   FileVer:    6.1.7600.16385
   ProdVer:    6.1.7600.16385

Module 23
C:\Windows\system32\dhcpcsvc6.DLL
Image Base: 0x72c90000  Image Size: 0x0000d000
File Size:  43008       File Time:  2009-07-13_211512
Version:
   Company:    Microsoft Corporation
   Product:    Microsoft® Windows® Operating System
   FileDesc:   DHCPv6 Client
   FileVer:    6.1.7600.16385
   ProdVer:    6.1.7600.16385

Module 24
C:\Windows\system32\WINNSI.DLL
Image Base: 0x72ca0000  Image Size: 0x00007000
File Size:  16896       File Time:  2009-07-13_211620
Version:
   Company:    Microsoft Corporation
   Product:    Microsoft® Windows® Operating System
   FileDesc:   Network Store Information RPC interface
   FileVer:    6.1.7600.16385
   ProdVer:    6.1.7600.16385

Module 25
C:\Windows\system32\IPHLPAPI.DLL
Image Base: 0x72cb0000  Image Size: 0x0001c000
File Size:  103936      File Time:  2009-07-13_211534
Version:
   Company:    Microsoft Corporation
   Product:    Microsoft® Windows® Operating System
   FileDesc:   IP Helper API
   FileVer:    6.1.7600.16385
   ProdVer:    6.1.7600.16385

Module 26
C:\Program Files\UltraMon\UltraMonResButtons.dll
Image Base: 0x72fb0000  Image Size: 0x00051000
File Size:  325120      File Time:  2010-12-20_180818
Version:
   Company:    Realtime Soft Ltd
   Product:    UltraMon
   FileDesc:   UltraMon Button Resources
   FileVer:    3.1.0.0
   ProdVer:    3.1.0.0

Module 27
C:\Windows\system32\DCIMAN32.dll
Image Base: 0x73f10000  Image Size: 0x00006000
File Size:  10240       File Time:  2009-07-13_211510
Version:
   Company:    Microsoft Corporation
   Product:    Microsoft® Windows® Operating System
   FileDesc:   DCI Manager
   FileVer:    6.1.7600.16385
   ProdVer:    6.1.7600.16385

Module 28
C:\Windows\system32\GLU32.dll
Image Base: 0x74710000  Image Size: 0x00022000
File Size:  130048      File Time:  2009-07-13_211524
Version:
   Company:    Microsoft Corporation
   Product:    Microsoft® Windows® Operating System
   FileDesc:   OpenGL Utility Library DLL
   FileVer:    6.1.7600.16385
   ProdVer:    6.1.7600.16385

Module 29
C:\Windows\system32\xinput9_1_0.dll
Image Base: 0x74810000  Image Size: 0x00009000
File Size:  25600       File Time:  2009-07-13_211622
Version:
   Company:    Microsoft Corporation
   Product:    Microsoft® Windows® Operating System
   FileDesc:   XNA Common Controller
   FileVer:    6.1.7600.16385
   ProdVer:    6.1.7600.16385

Module 30
C:\Windows\system32\MSACM32.dll
Image Base: 0x74950000  Image Size: 0x00014000
File Size:  72192       File Time:  2009-07-13_211544
Version:
   Company:    Microsoft Corporation
   Product:    Microsoft® Windows® Operating System
   FileDesc:   Microsoft ACM Audio Filter
   FileVer:    6.1.7600.16385
   ProdVer:    6.1.7600.16385

Module 31
C:\Windows\system32\dsound.dll
Image Base: 0x74970000  Image Size: 0x00072000
File Size:  453632      File Time:  2009-07-13_211514
Version:
   Company:    Microsoft Corporation
   Product:    Microsoft® Windows® Operating System
   FileDesc:   DirectSound
   FileVer:    6.1.7600.16385
   ProdVer:    6.1.7600.16385

Module 32
C:\Windows\system32\midimap.dll
Image Base: 0x74a00000  Image Size: 0x00007000
File Size:  16896       File Time:  2009-07-13_211542
Version:
   Company:    Microsoft Corporation
   Product:    Microsoft® Windows® Operating System
   FileDesc:   Microsoft MIDI Mapper
   FileVer:    6.1.7600.16385
   ProdVer:    6.1.7600.16385

Module 33
C:\Windows\system32\AUDIOSES.DLL
Image Base: 0x74a10000  Image Size: 0x00036000
File Size:  195584      File Time:  2009-07-13_211458
Version:
   Company:    Microsoft Corporation
   Product:    Microsoft® Windows® Operating System
   FileDesc:   Audio Session
   FileVer:    6.1.7600.16385
   ProdVer:    6.1.7600.16385

Module 34
C:\Windows\system32\d3d8thk.dll
Image Base: 0x74a70000  Image Size: 0x00006000
File Size:  11264       File Time:  2009-07-13_211510
Version:
   Company:    Microsoft Corporation
   Product:    Microsoft® Windows® Operating System
   FileDesc:   Microsoft Direct3D OS Thunk Layer
   FileVer:    6.1.7600.16385
   ProdVer:    6.1.7600.16385

Module 35
C:\Windows\System32\winrnr.dll
Image Base: 0x74b20000  Image Size: 0x00008000
File Size:  20992       File Time:  2009-07-13_211620
Version:
   Company:    Microsoft Corporation
   Product:    Microsoft® Windows® Operating System
   FileDesc:   LDAP RnR Provider DLL
   FileVer:    6.1.7600.16385
   ProdVer:    6.1.7600.16385

Module 36
C:\Windows\system32\NLAapi.dll
Image Base: 0x74b40000  Image Size: 0x00010000
File Size:  51712       File Time:  2009-07-13_211604
Version:
   Company:    Microsoft Corporation
   Product:    Microsoft® Windows® Operating System
   FileDesc:   Network Location Awareness 2
   FileVer:    6.1.7600.16385
   ProdVer:    6.1.7600.16385

Module 37
C:\Windows\system32\powrprof.dll
Image Base: 0x74b50000  Image Size: 0x00025000
File Size:  145408      File Time:  2009-07-13_211614
Version:
   Company:    Microsoft Corporation
   Product:    Microsoft® Windows® Operating System
   FileDesc:   Power Profile Helper DLL
   FileVer:    6.1.7600.16385
   ProdVer:    6.1.7600.16385

Module 38
C:\Windows\system32\msacm32.drv
Image Base: 0x74b80000  Image Size: 0x00008000
File Size:  20992       File Time:  2009-07-13_211410
Version:
   Company:    Microsoft Corporation
   Product:    Microsoft® Windows® Operating System
   FileDesc:   Microsoft Sound Mapper
   FileVer:    6.1.7600.16385
   ProdVer:    6.1.7600.16385

Module 39
C:\Windows\system32\WindowsCodecs.dll
Image Base: 0x74c20000  Image Size: 0x000fb000
File Size:  1011200     File Time:  2009-07-13_211620
Version:
   Company:    Microsoft Corporation
   Product:    Microsoft® Windows® Operating System
   FileDesc:   Microsoft Windows Codecs Library
   FileVer:    6.1.7600.16385
   ProdVer:    6.1.7600.16385

Module 40
C:\Windows\system32\wdmaud.drv
Image Base: 0x74d30000  Image Size: 0x00030000
File Size:  172032      File Time:  2009-07-13_211410
Version:
   Company:    Microsoft Corporation
   Product:    Microsoft® Windows® Operating System
   FileDesc:   Winmm  audio system driver
   FileVer:    6.1.7600.16385
   ProdVer:    6.1.7600.16385

Module 41
C:\Windows\system32\AVRT.dll
Image Base: 0x74d70000  Image Size: 0x00007000
File Size:  14336       File Time:  2009-07-13_211500
Version:
   Company:    Microsoft Corporation
   Product:    Microsoft® Windows® Operating System
   FileDesc:   Multimedia Realtime Runtime
   FileVer:    6.1.7600.16385
   ProdVer:    6.1.7600.16385

Module 42
C:\Windows\system32\ksuser.dll
Image Base: 0x74d80000  Image Size: 0x00004000
File Size:  4608        File Time:  2009-07-13_211536
Version:
   Company:    Microsoft Corporation
   Product:    Microsoft® Windows® Operating System
   FileDesc:   User CSA Library
   FileVer:    6.1.7600.16385
   ProdVer:    6.1.7600.16385

Module 43
C:\Windows\system32\PROPSYS.dll
Image Base: 0x75080000  Image Size: 0x000f5000
File Size:  988160      File Time:  2009-07-13_211614
Version:
   Company:    Microsoft Corporation
   Product:    Windows® Search
   FileDesc:   Microsoft Property System
   FileVer:    7.0.7600.16385
   ProdVer:    7.0.7600.16385

Module 44
C:\Windows\system32\HID.DLL
Image Base: 0x751b0000  Image Size: 0x00009000
File Size:  22016       File Time:  2009-07-13_211526
Version:
   Company:    Microsoft Corporation
   Product:    Microsoft® Windows® Operating System
   FileDesc:   Hid User Library
   FileVer:    6.1.7600.16385
   ProdVer:    6.1.7600.16385

Module 45
C:\Windows\system32\pnrpnsp.dll
Image Base: 0x752a0000  Image Size: 0x00012000
File Size:  65024       File Time:  2009-07-13_211614
Version:
   Company:    Microsoft Corporation
   Product:    Microsoft® Windows® Operating System
   FileDesc:   PNRP Name Space Provider
   FileVer:    6.1.7600.16385
   ProdVer:    6.1.7600.16385

Module 46
C:\Windows\system32\napinsp.dll
Image Base: 0x752c0000  Image Size: 0x00010000
File Size:  52224       File Time:  2009-07-13_211604
Version:
   Company:    Microsoft Corporation
   Product:    Microsoft® Windows® Operating System
   FileDesc:   E-mail Naming Shim Provider
   FileVer:    6.1.7600.16385
   ProdVer:    6.1.7600.16385

Module 47
C:\Windows\system32\VERSION.dll
Image Base: 0x75390000  Image Size: 0x00009000
File Size:  21504       File Time:  2009-07-13_211618
Version:
   Company:    Microsoft Corporation
   Product:    Microsoft® Windows® Operating System
   FileDesc:   Version Checking and File Installation Libraries
   FileVer:    6.1.7600.16385
   ProdVer:    6.1.7600.16385

Module 48
C:\Windows\syswow64\CRYPTBASE.dll
Image Base: 0x754b0000  Image Size: 0x0000c000
File Size:  36864       File Time:  2009-07-13_211508
Version:
   Company:    Microsoft Corporation
   Product:    Microsoft® Windows® Operating System
   FileDesc:   Base cryptographic API DLL
   FileVer:    6.1.7600.16385
   ProdVer:    6.1.7600.16385

Module 49
C:\Windows\syswow64\SspiCli.dll
Image Base: 0x754c0000  Image Size: 0x00060000
File Size:  96768       File Time:  2009-07-13_211126
Version:
   Company:    Microsoft Corporation
   Product:    Microsoft® Windows® Operating System
   FileDesc:   Security Support Provider Interface
   FileVer:    6.1.7600.16385
   ProdVer:    6.1.7600.16385

Module 50
C:\Windows\syswow64\NSI.dll
Image Base: 0x75520000  Image Size: 0x00006000
File Size:  8704        File Time:  2009-07-13_211612
Version:
   Company:    Microsoft Corporation
   Product:    Microsoft® Windows® Operating System
   FileDesc:   NSI User-mode interface DLL
   FileVer:    6.1.7600.16385
   ProdVer:    6.1.7600.16385

Module 51
C:\Windows\syswow64\MSCTF.dll
Image Base: 0x75530000  Image Size: 0x000cc000
File Size:  828928      File Time:  2009-07-13_211544
Version:
   Company:    Microsoft Corporation
   Product:    Microsoft® Windows® Operating System
   FileDesc:   MSCTF Server DLL
   FileVer:    6.1.7600.16385
   ProdVer:    6.1.7600.16385

Module 52
C:\Windows\syswow64\DEVOBJ.dll
Image Base: 0x75600000  Image Size: 0x00012000
File Size:  64512       File Time:  2009-07-13_211512
Version:
   Company:    Microsoft Corporation
   Product:    Microsoft® Windows® Operating System
   FileDesc:   Device Information Set DLL
   FileVer:    6.1.7600.16385
   ProdVer:    6.1.7600.16385

Module 53
C:\Windows\syswow64\ADVAPI32.dll
Image Base: 0x75620000  Image Size: 0x000a0000
File Size:  640000      File Time:  2009-07-13_211454
Version:
   Company:    Microsoft Corporation
   Product:    Microsoft® Windows® Operating System
   FileDesc:   Advanced Windows 32 Base API
   FileVer:    6.1.7600.16385
   ProdVer:    6.1.7600.16385

Module 54
C:\Windows\syswow64\msvcrt.dll
Image Base: 0x756f0000  Image Size: 0x000ac000
File Size:  690688      File Time:  2009-07-13_211552
Version:
   Company:    Microsoft Corporation
   Product:    Microsoft® Windows® Operating System
   FileDesc:   Windows NT CRT DLL
   FileVer:    7.0.7600.16385
   ProdVer:    6.1.8638.16385

Module 55
C:\Windows\syswow64\KERNELBASE.dll
Image Base: 0x757a0000  Image Size: 0x00046000
File Size:  269824      File Time:  2009-07-13_211124
Version:
   Company:    Microsoft Corporation
   Product:    Microsoft® Windows® Operating System
   FileDesc:   Windows NT BASE API Client DLL
   FileVer:    6.1.7600.16385
   ProdVer:    6.1.7600.16385

Module 56
C:\Windows\syswow64\SHLWAPI.dll
Image Base: 0x75930000  Image Size: 0x00057000
File Size:  350208      File Time:  2009-07-13_211616
Version:
   Company:    Microsoft Corporation
   Product:    Microsoft® Windows® Operating System
   FileDesc:   Shell Light-weight Utility Library
   FileVer:    6.1.7600.16385
   ProdVer:    6.1.7600.16385

Module 57
C:\Windows\syswow64\RPCRT4.dll
Image Base: 0x75990000  Image Size: 0x000f0000
File Size:  662528      File Time:  2009-07-13_211124
Version:
   Company:    Microsoft Corporation
   Product:    Microsoft® Windows® Operating System
   FileDesc:   Remote Procedure Call Runtime
   FileVer:    6.1.7600.16385
   ProdVer:    6.1.7600.16385

Module 58
C:\Windows\syswow64\WS2_32.dll
Image Base: 0x75ce0000  Image Size: 0x00035000
File Size:  206336      File Time:  2009-07-13_211622
Version:
   Company:    Microsoft Corporation
   Product:    Microsoft® Windows® Operating System
   FileDesc:   Windows Socket 2.0 32-Bit DLL
   FileVer:    6.1.7600.16385
   ProdVer:    6.1.7600.16385

Module 59
C:\Windows\syswow64\ole32.dll
Image Base: 0x75d20000  Image Size: 0x0015c000
File Size:  1412608     File Time:  2009-07-13_211614
Version:
   Company:    Microsoft Corporation
   Product:    Microsoft® Windows® Operating System
   FileDesc:   Microsoft OLE for Windows
   FileVer:    6.1.7600.16385
   ProdVer:    6.1.7600.16385

Module 60
C:\Windows\syswow64\MSASN1.dll
Image Base: 0x75ed0000  Image Size: 0x0000c000
File Size:  33280       File Time:  2009-07-13_211544
Version:
   Company:    Microsoft Corporation
   Product:    Microsoft® Windows® Operating System
   FileDesc:   ASN.1 Runtime APIs
   FileVer:    6.1.7600.16385
   ProdVer:    6.1.7600.16385

Module 61
C:\Windows\syswow64\OLEAUT32.dll
Image Base: 0x75ee0000  Image Size: 0x0008f000
File Size:  571904      File Time:  2009-07-13_211614
Version:
   Company:    Microsoft Corporation
   Product:    
   FileDesc:   
   FileVer:    6.1.7600.16385
   ProdVer:    6.1.7600.16385

Module 62
C:\Windows\syswow64\USER32.dll
Image Base: 0x75f70000  Image Size: 0x00100000
File Size:  833024      File Time:  2009-07-13_211126
Version:
   Company:    Microsoft Corporation
   Product:    Microsoft® Windows® Operating System
   FileDesc:   Multi-User Windows USER API Client DLL
   FileVer:    6.1.7600.16385
   ProdVer:    6.1.7600.16385

Module 63
C:\Windows\syswow64\IMM32.dll
Image Base: 0x76070000  Image Size: 0x00060000
File Size:  119808      File Time:  2009-07-13_211122
Version:
   Company:    Microsoft Corporation
   Product:    Microsoft® Windows® Operating System
   FileDesc:   Multi-User Windows IMM32 API Client DLL
   FileVer:    6.1.7600.16385
   ProdVer:    6.1.7600.16385

Module 64
C:\Windows\syswow64\WINTRUST.dll
Image Base: 0x761d0000  Image Size: 0x0002d000
File Size:  172544      File Time:  2009-07-13_211620
Version:
   Company:    Microsoft Corporation
   Product:    Microsoft® Windows® Operating System
   FileDesc:   Microsoft Trust Verification APIs
   FileVer:    6.1.7600.16385
   ProdVer:    6.1.7600.16385

Module 65
C:\Windows\syswow64\CLBCatQ.DLL
Image Base: 0x76200000  Image Size: 0x00083000
File Size:  522240      File Time:  2009-07-13_211504
Version:
   Company:    Microsoft Corporation
   Product:    Microsoft® Windows® Operating System
   FileDesc:   COM+ Configuration Catalog
   FileVer:    2001.12.8530.16385
   ProdVer:    6.1.7600.16385

Module 66
C:\Windows\syswow64\USP10.dll
Image Base: 0x76290000  Image Size: 0x0009d000
File Size:  627200      File Time:  2009-07-13_211618
Version:
   Company:    Microsoft Corporation
   Product:    Microsoft(R) Uniscribe Unicode script processor
   FileDesc:   Uniscribe Unicode script processor
   FileVer:    1.626.7600.16385
   ProdVer:    1.626.7600.16385

Module 67
C:\Windows\syswow64\LPK.dll
Image Base: 0x76340000  Image Size: 0x0000a000
File Size:  25600       File Time:  2009-07-13_211124
Version:
   Company:    Microsoft Corporation
   Product:    Microsoft® Windows® Operating System
   FileDesc:   Language Pack
   FileVer:    6.1.7600.16385
   ProdVer:    6.1.7600.16385

Module 68
C:\Windows\syswow64\CFGMGR32.dll
Image Base: 0x763e0000  Image Size: 0x00027000
File Size:  145920      File Time:  2009-07-13_211504
Version:
   Company:    Microsoft Corporation
   Product:    Microsoft® Windows® Operating System
   FileDesc:   Configuration Manager DLL
   FileVer:    6.1.7600.16385
   ProdVer:    6.1.7600.16385

Module 69
C:\Windows\syswow64\GDI32.dll
Image Base: 0x76410000  Image Size: 0x00090000
File Size:  310784      File Time:  2009-07-13_211122
Version:
   Company:    Microsoft Corporation
   Product:    Microsoft® Windows® Operating System
   FileDesc:   GDI Client DLL
   FileVer:    6.1.7600.16385
   ProdVer:    6.1.7600.16385

Module 70
C:\Windows\syswow64\SETUPAPI.dll
Image Base: 0x764a0000  Image Size: 0x0019d000
File Size:  1668608     File Time:  2009-07-13_211616
Version:
   Company:    Microsoft Corporation
   Product:    Microsoft® Windows® Operating System
   FileDesc:   Windows Setup API
   FileVer:    6.1.7600.16385
   ProdVer:    6.1.7600.16385

Module 71
C:\Windows\SysWOW64\sechost.dll
Image Base: 0x76640000  Image Size: 0x00019000
File Size:  92160       File Time:  2009-07-13_211614
Version:
   Company:    Microsoft Corporation
   Product:    Microsoft® Windows® Operating System
   FileDesc:   Host for SCM/SDDL/LSA Lookup APIs
   FileVer:    6.1.7600.16385
   ProdVer:    6.1.7600.16385

Module 72
C:\Windows\syswow64\kernel32.dll
Image Base: 0x766e0000  Image Size: 0x00100000
File Size:  836608      File Time:  2009-07-13_211124
Version:
   Company:    Microsoft Corporation
   Product:    Microsoft® Windows® Operating System
   FileDesc:   Windows NT BASE API Client DLL
   FileVer:    6.1.7600.16385
   ProdVer:    6.1.7600.16385

Module 73
C:\Windows\syswow64\SHELL32.dll
Image Base: 0x767e0000  Image Size: 0x00c49000
File Size:  12866560    File Time:  2009-07-13_211616
Version:
   Company:    Microsoft Corporation
   Product:    Microsoft® Windows® Operating System
   FileDesc:   Windows Shell Common Dll
   FileVer:    6.1.7600.16385
   ProdVer:    6.1.7600.16385

Module 74
C:\Windows\syswow64\CRYPT32.dll
Image Base: 0x77430000  Image Size: 0x0011c000
File Size:  1151488     File Time:  2009-07-13_211508
Version:
   Company:    Microsoft Corporation
   Product:    Microsoft® Windows® Operating System
   FileDesc:   Crypto API32
   FileVer:    6.1.7600.16385
   ProdVer:    6.1.7600.16385

Module 75
C:\Windows\syswow64\PSAPI.DLL
Image Base: 0x77920000  Image Size: 0x00005000
File Size:  6144        File Time:  2009-07-13_211614
Version:
   Company:    Microsoft Corporation
   Product:    Microsoft® Windows® Operating System
   FileDesc:   Process Status Helper
   FileVer:    6.1.7600.16385
   ProdVer:    6.1.7600.16385

Module 76
C:\Windows\SysWOW64\ntdll.dll
Image Base: 0x77950000  Image Size: 0x00180000
File Size:  1289712     File Time:  2009-07-13_211752
Version:
   Company:    Microsoft Corporation
   Product:    Microsoft® Windows® Operating System
   FileDesc:   NT Layer DLL
   FileVer:    6.1.7600.16385
   ProdVer:    6.1.7600.16385


== [end of error.log] ==
